0 info it worked if it ends with ok
1 verbose cli [ '/Users/eqo/.nvm/v0.10.4/bin/node',
1 verbose cli   '/Users/eqo/.nvm/v0.10.4/bin/npm',
1 verbose cli   'start' ]
2 info using npm@1.2.18
3 info using node@v0.10.4
4 verbose read json /Users/eqo/work/SonyUX/tetris/package.json
5 verbose run-script [ 'prestart', 'start', 'poststart' ]
6 info prestart tetris@0.0.1
7 info start tetris@0.0.1
8 verbose unsafe-perm in lifecycle true
9 silly exec sh "-c" "node server/tetris/tetriss.js"
10 silly sh,-c,node server/tetris/tetriss.js,/Users/eqo/work/SonyUX/tetris spawning
11 info tetris@0.0.1 Failed to exec start script
12 error tetris@0.0.1 start: `node server/tetris/tetriss.js`
12 error `sh "-c" "node server/tetris/tetriss.js"` failed with 8
13 error Failed at the tetris@0.0.1 start script.
13 error This is most likely a problem with the tetris package,
13 error not with npm itself.
13 error Tell the author that this fails on your system:
13 error     node server/tetris/tetriss.js
13 error You can get their info via:
13 error     npm owner ls tetris
13 error There is likely additional logging output above.
14 error System Darwin 11.4.2
15 error command "/Users/eqo/.nvm/v0.10.4/bin/node" "/Users/eqo/.nvm/v0.10.4/bin/npm" "start"
16 error cwd /Users/eqo/work/SonyUX/tetris
17 error node -v v0.10.4
18 error npm -v 1.2.18
19 error code ELIFECYCLE
20 verbose exit [ 1, true ]
